# JRE version: Java(TM) SE Runtime Environment (8.0_20-b26) (build 1.8.0_20-b26)
# Java VM: Java HotSpot(TM) 64-Bit Server VM (25.20-b23 mixed mode windows-amd64 compressed oops)
Heap:
 PSYoungGen      total 142848K, used 36368K [0x00000000eae00000, 0x00000000f4700000, 0x0000000100000000)
  eden space 130560K, 27% used [0x00000000eae00000,0x00000000ed184308,0x00000000f2d80000)
  from space 12288K, 0% used [0x00000000f3a00000,0x00000000f3a00000,0x00000000f4600000)
  to   space 12800K, 0% used [0x00000000f2d80000,0x00000000f2d80000,0x00000000f3a00000)
 ParOldGen       total 44032K, used 19908K [0x00000000c0a00000, 0x00000000c3500000, 0x00000000eae00000)
  object space 44032K, 45% used [0x00000000c0a00000,0x00000000c1d712c8,0x00000000c3500000)
 Metaspace       used 22024K, capacity 22484K, committed 22704K, reserved 1069056K
  class space    used 2593K, capacity 2772K, committed 2816K, reserved 1048576K
GC Heap History (10 events):
Event: 1.031 GC heap before
{Heap before GC invocations=5 (full 0):
 PSYoungGen      total 35328K, used 35296K [0x00000000eae00000, 0x00000000ed300000, 0x0000000100000000)
  eden space 32768K, 100% used [0x00000000eae00000,0x00000000ece00000,0x00000000ece00000)
  from space 2560K, 98% used [0x00000000ed080000,0x00000000ed2f8020,0x00000000ed300000)
  to   space 2560K, 0% used [0x00000000ece00000,0x00000000ece00000,0x00000000ed080000)
 ParOldGen       total 44032K, used 4700K [0x00000000c0a00000, 0x00000000c3500000, 0x00000000eae00000)
  object space 44032K, 10% used [0x00000000c0a00000,0x00000000c0e973f0,0x00000000c3500000)
 Metaspace       used 13543K, capacity 13788K, committed 14080K, reserved 1060864K
  class space    used 1679K, capacity 1775K, committed 1792K, reserved 1048576K
Event: 1.037 GC heap after
Heap after GC invocations=5 (full 0):
 PSYoungGen      total 35328K, used 2544K [0x00000000eae00000, 0x00000000efc00000, 0x0000000100000000)
  eden space 32768K, 0% used [0x00000000eae00000,0x00000000eae00000,0x00000000ece00000)
  from space 2560K, 99% used [0x00000000ece00000,0x00000000ed07c010,0x00000000ed080000)
  to   space 7168K, 0% used [0x00000000ef500000,0x00000000ef500000,0x00000000efc00000)
 ParOldGen       total 44032K, used 8680K [0x00000000c0a00000, 0x00000000c3500000, 0x00000000eae00000)
  object space 44032K, 19% used [0x00000000c0a00000,0x00000000c127a040,0x00000000c3500000)
 Metaspace       used 13543K, capacity 13788K, committed 14080K, reserved 1060864K
  class space    used 1679K, capacity 1775K, committed 1792K, reserved 1048576K
}
Event: 2.201 GC heap before
{Heap before GC invocations=6 (full 0):
 PSYoungGen      total 35328K, used 35312K [0x00000000eae00000, 0x00000000efc00000, 0x0000000100000000)
  eden space 32768K, 100% used [0x00000000eae00000,0x00000000ece00000,0x00000000ece00000)
  from space 2560K, 99% used [0x00000000ece00000,0x00000000ed07c010,0x00000000ed080000)
  to   space 7168K, 0% used [0x00000000ef500000,0x00000000ef500000,0x00000000efc00000)
 ParOldGen       total 44032K, used 8680K [0x00000000c0a00000, 0x00000000c3500000, 0x00000000eae00000)
  object space 44032K, 19% used [0x00000000c0a00000,0x00000000c127a040,0x00000000c3500000)
 Metaspace       used 14428K, capacity 14732K, committed 14976K, reserved 1062912K
  class space    used 1758K, capacity 1855K, committed 1920K, reserved 1048576K
Event: 2.209 GC heap after
Heap after GC invocations=6 (full 0):
 PSYoungGen      total 72704K, used 4520K [0x00000000eae00000, 0x00000000efc00000, 0x0000000100000000)
  eden space 65536K, 0% used [0x00000000eae00000,0x00000000eae00000,0x00000000eee00000)
  from space 7168K, 63% used [0x00000000ef500000,0x00000000ef96a0a0,0x00000000efc00000)
  to   space 7168K, 0% used [0x00000000eee00000,0x00000000eee00000,0x00000000ef500000)
 ParOldGen       total 44032K, used 8688K [0x00000000c0a00000, 0x00000000c3500000, 0x00000000eae00000)
  object space 44032K, 19% used [0x00000000c0a00000,0x00000000c127c040,0x00000000c3500000)
 Metaspace       used 14428K, capacity 14732K, committed 14976K, reserved 1062912K
  class space    used 1758K, capacity 1855K, committed 1920K, reserved 1048576K
}
Event: 2.859 GC heap before
{Heap before GC invocations=7 (full 0):
 PSYoungGen      total 72704K, used 70056K [0x00000000eae00000, 0x00000000efc00000, 0x0000000100000000)
  eden space 65536K, 100% used [0x00000000eae00000,0x00000000eee00000,0x00000000eee00000)
  from space 7168K, 63% used [0x00000000ef500000,0x00000000ef96a0a0,0x00000000efc00000)
  to   space 7168K, 0% used [0x00000000eee00000,0x00000000eee00000,0x00000000ef500000)
 ParOldGen       total 44032K, used 8688K [0x00000000c0a00000, 0x00000000c3500000, 0x00000000eae00000)
  object space 44032K, 19% used [0x00000000c0a00000,0x00000000c127c040,0x00000000c3500000)
 Metaspace       used 19610K, capacity 20022K, committed 20224K, reserved 1067008K
  class space    used 2377K, capacity 2512K, committed 2560K, reserved 1048576K
Event: 2.874 GC heap after
Heap after GC invocations=7 (full 0):
 PSYoungGen      total 72704K, used 7151K [0x00000000eae00000, 0x00000000f4600000, 0x0000000100000000)
  eden space 65536K, 0% used [0x00000000eae00000,0x00000000eae00000,0x00000000eee00000)
  from space 7168K, 99% used [0x00000000eee00000,0x00000000ef4fbd20,0x00000000ef500000)
  to   space 12288K, 0% used [0x00000000f3a00000,0x00000000f3a00000,0x00000000f4600000)
 ParOldGen       total 44032K, used 16833K [0x00000000c0a00000, 0x00000000c3500000, 0x00000000eae00000)
  object space 44032K, 38% used [0x00000000c0a00000,0x00000000c1a704e8,0x00000000c3500000)
 Metaspace       used 19610K, capacity 20022K, committed 20224K, reserved 1067008K
  class space    used 2377K, capacity 2512K, committed 2560K, reserved 1048576K
}
Event: 3.113 GC heap before
{Heap before GC invocations=8 (full 0):
 PSYoungGen      total 72704K, used 20193K [0x00000000eae00000, 0x00000000f4600000, 0x0000000100000000)
  eden space 65536K, 19% used [0x00000000eae00000,0x00000000ebabc6f8,0x00000000eee00000)
  from space 7168K, 99% used [0x00000000eee00000,0x00000000ef4fbd20,0x00000000ef500000)
  to   space 12288K, 0% used [0x00000000f3a00000,0x00000000f3a00000,0x00000000f4600000)
 ParOldGen       total 44032K, used 16833K [0x00000000c0a00000, 0x00000000c3500000, 0x00000000eae00000)
  object space 44032K, 38% used [0x00000000c0a00000,0x00000000c1a704e8,0x00000000c3500000)
 Metaspace       used 20775K, capacity 21142K, committed 21296K, reserved 1069056K
  class space    used 2499K, capacity 2608K, committed 2688K, reserved 1048576K
Event: 3.126 GC heap after
Heap after GC invocations=8 (full 0):
 PSYoungGen      total 142848K, used 8385K [0x00000000eae00000, 0x00000000f4700000, 0x0000000100000000)
  eden space 130560K, 0% used [0x00000000eae00000,0x00000000eae00000,0x00000000f2d80000)
  from space 12288K, 68% used [0x00000000f3a00000,0x00000000f4230528,0x00000000f4600000)
  to   space 12800K, 0% used [0x00000000f2d80000,0x00000000f2d80000,0x00000000f3a00000)
 ParOldGen       total 44032K, used 17527K [0x00000000c0a00000, 0x00000000c3500000, 0x00000000eae00000)
  object space 44032K, 39% used [0x00000000c0a00000,0x00000000c1b1dd38,0x00000000c3500000)
 Metaspace       used 20775K, capacity 21142K, committed 21296K, reserved 1069056K
  class space    used 2499K, capacity 2608K, committed 2688K, reserved 1048576K
}
Event: 3.126 GC heap before
{Heap before GC invocations=9 (full 1):
 PSYoungGen      total 142848K, used 8385K [0x00000000eae00000, 0x00000000f4700000, 0x0000000100000000)
  eden space 130560K, 0% used [0x00000000eae00000,0x00000000eae00000,0x00000000f2d80000)
  from space 12288K, 68% used [0x00000000f3a00000,0x00000000f4230528,0x00000000f4600000)
  to   space 12800K, 0% used [0x00000000f2d80000,0x00000000f2d80000,0x00000000f3a00000)
 ParOldGen       total 44032K, used 17527K [0x00000000c0a00000, 0x00000000c3500000, 0x00000000eae00000)
  object space 44032K, 39% used [0x00000000c0a00000,0x00000000c1b1dd38,0x00000000c3500000)
 Metaspace       used 20775K, capacity 21142K, committed 21296K, reserved 1069056K
  class space    used 2499K, capacity 2608K, committed 2688K, reserved 1048576K
Event: 3.200 GC heap after
Heap after GC invocations=9 (full 1):
 PSYoungGen      total 142848K, used 0K [0x00000000eae00000, 0x00000000f4700000, 0x0000000100000000)
  eden space 130560K, 0% used [0x00000000eae00000,0x00000000eae00000,0x00000000f2d80000)
  from space 12288K, 0% used [0x00000000f3a00000,0x00000000f3a00000,0x00000000f4600000)
  to   space 12800K, 0% used [0x00000000f2d80000,0x00000000f2d80000,0x00000000f3a00000)
 ParOldGen       total 44032K, used 19908K [0x00000000c0a00000, 0x00000000c3500000, 0x00000000eae00000)
  object space 44032K, 45% used [0x00000000c0a00000,0x00000000c1d712c8,0x00000000c3500000)
 Metaspace       used 20775K, capacity 21142K, committed 21296K, reserved 1069056K
  class space    used 2499K, capacity 2608K, committed 2688K, reserved 1048576K
}

